<?xml version="1.0" encoding="UTF-8"?>
<!-- Generated by org.testng.reporters.JUnitReportReporter -->
<testsuite hostname="DESKTOP-C5UC5JG" failures="0" tests="2" name="runner.runnerClass" time="13.372" errors="0" timestamp="2024-12-03T19:23:25 IST" skipped="0">
  <testcase classname="runner.runnerClass" name="runScenario" time="7.133"/>
  <testcase classname="runner.runnerClass" name="runScenario" time="6.239"/>
</testsuite> <!-- runner.runnerClass -->
